<?xml version="1.0" encoding="UTF-8"?>
<!-- Generated by org.testng.reporters.JUnitXMLReporter -->
<testsuite ignored="2" hostname="Admin" failures="0" tests="3" name="Test" time="31.876" errors="0" timestamp="26 Jan 2023 14:54:05 GMT">
  <testcase classname="TestBase.LoginTest" name="Login" time="7.89"/>
  <testcase classname="TestBase.AddSbuTest" name="AddSbuData" time="6.889"/>
  <testcase classname="TestBase.AddSbuTest" name="addSbuButton" time="17.047"/>
  <testcase classname="Base.BaseTest" name="@AfterSuite closeChrome" time="0.0">
    <ignored/>
  </testcase> <!-- @AfterSuite closeChrome -->
  <testcase classname="Base.BaseTest" name="@BeforeSuite main" time="0.0">
    <ignored/>
  </testcase> <!-- @BeforeSuite main -->
</testsuite> <!-- Test -->
