<?xml version="1.0" encoding="UTF-8"?>
<testng-results ignored="2" total="5" passed="3" failed="0" skipped="0">
  <reporter-output>
  </reporter-output>
  <suite started-at="2023-01-26T14:53:33Z" name="Suite" finished-at="2023-01-26T14:54:05Z" duration-ms="31876">
    <groups>
    </groups>
    <test started-at="2023-01-26T14:53:33Z" name="Test" finished-at="2023-01-26T14:54:05Z" duration-ms="31876">
      <class name="TestBase.AddSbuTest">
        <test-method signature="AddSbuData()[pri:0, instance:TestBase.AddSbuTest@3f57bcad]" started-at="2023-01-26T14:53:41Z" name="AddSbuData" finished-at="2023-01-26T14:53:48Z" duration-ms="6889" status="PASS">
          <reporter-output>
          </reporter-output>
        </test-method> <!-- AddSbuData -->
        <test-method signature="addSbuButton()[pri:1, instance:TestBase.AddSbuTest@3f57bcad]" started-at="2023-01-26T14:53:48Z" name="addSbuButton" finished-at="2023-01-26T14:54:05Z" duration-ms="17047" status="PASS">
          <reporter-output>
          </reporter-output>
        </test-method> <!-- addSbuButton -->
      </class> <!-- TestBase.AddSbuTest -->
      <class name="TestBase.LoginTest">
        <test-method is-config="true" signature="main()[pri:0, instance:TestBase.LoginTest@50de186c]" started-at="2023-01-26T14:53:28Z" name="main" finished-at="2023-01-26T14:53:33Z" duration-ms="5415" status="PASS">
          <reporter-output>
          </reporter-output>
        </test-method> <!-- main -->
        <test-method signature="Login()[pri:0, instance:TestBase.LoginTest@50de186c]" started-at="2023-01-26T14:53:33Z" name="Login" finished-at="2023-01-26T14:53:41Z" duration-ms="7890" status="PASS">
          <reporter-output>
          </reporter-output>
        </test-method> <!-- Login -->
        <test-method is-config="true" signature="closeChrome()[pri:0, instance:TestBase.LoginTest@50de186c]" started-at="2023-01-26T14:54:05Z" name="closeChrome" finished-at="2023-01-26T14:54:22Z" duration-ms="16843" status="PASS">
          <reporter-output>
          </reporter-output>
        </test-method> <!-- closeChrome -->
      </class> <!-- TestBase.LoginTest -->
    </test> <!-- Test -->
  </suite> <!-- Suite -->
</testng-results>
