<?xml version="1.0" encoding="UTF-8"?>
<testng-results ignored="2" total="5" passed="3" failed="0" skipped="0">
  <reporter-output>
  </reporter-output>
  <suite started-at="2023-01-26T14:51:42Z" name="Suite" finished-at="2023-01-26T14:52:13Z" duration-ms="31541">
    <groups>
    </groups>
    <test started-at="2023-01-26T14:51:42Z" name="Test" finished-at="2023-01-26T14:52:13Z" duration-ms="31541">
      <class name="TestBase.AddSbuTest">
        <test-method signature="AddSbuData()[pri:0, instance:TestBase.AddSbuTest@3f57bcad]" started-at="2023-01-26T14:51:50Z" name="AddSbuData" finished-at="2023-01-26T14:51:57Z" duration-ms="6707" status="PASS">
          <reporter-output>
          </reporter-output>
        </test-method> <!-- AddSbuData -->
        <test-method signature="addSbuButton()[pri:1, instance:TestBase.AddSbuTest@3f57bcad]" started-at="2023-01-26T14:51:57Z" name="addSbuButton" finished-at="2023-01-26T14:52:13Z" duration-ms="16926" status="PASS">
          <reporter-output>
          </reporter-output>
        </test-method> <!-- addSbuButton -->
      </class> <!-- TestBase.AddSbuTest -->
      <class name="TestBase.LoginTest">
        <test-method is-config="true" signature="main()[pri:0, instance:TestBase.LoginTest@50de186c]" started-at="2023-01-26T14:51:37Z" name="main" finished-at="2023-01-26T14:51:42Z" duration-ms="5198" status="PASS">
          <reporter-output>
          </reporter-output>
        </test-method> <!-- main -->
        <test-method signature="Login()[pri:0, instance:TestBase.LoginTest@50de186c]" started-at="2023-01-26T14:51:42Z" name="Login" finished-at="2023-01-26T14:51:50Z" duration-ms="7873" status="PASS">
          <reporter-output>
          </reporter-output>
        </test-method> <!-- Login -->
        <test-method is-config="true" signature="closeChrome()[pri:0, instance:TestBase.LoginTest@50de186c]" started-at="2023-01-26T14:52:14Z" name="closeChrome" finished-at="2023-01-26T14:52:14Z" duration-ms="582" status="PASS">
          <reporter-output>
          </reporter-output>
        </test-method> <!-- closeChrome -->
      </class> <!-- TestBase.LoginTest -->
    </test> <!-- Test -->
  </suite> <!-- Suite -->
</testng-results>
